2026-02-23T04:08:17.563Z [console][error] ./user/app/src/app/page.tsx:6:1
Module not found: Can't resolve '@/components/home/CTASection'
  4 | import HowItWorks from "@/components/home/HowItWorks";
  5 | import TechStack from "@/components/home/TechStack";
> 6 | import CTASection from "@/components/home/CTASection";
    | ^^^^^^^^^^^^^^^^^^^^^^^^^^^^^^^^^^^^^^^^^^^^^^^^^^^^^^
  7 |
  8 | export default function HomePage() {
  9 |   return (

Import map: aliased to relative './src/components/home/CTASection' inside of [project]/user/app

https://nextjs.org/docs/messages/module-not-found
2026-02-23T04:08:38.043Z [console][error] A tree hydrated but some attributes of the server rendered HTML didn't match the client properties. This won't be patched up. This can happen if a SSR-ed Client Component used:

- A server/client branch `if (typeof window !== 'undefined')`.
- Variable input such as `Date.now()` or `Math.random()` which changes each time it's called.
- Date formatting in a user's locale which doesn't match the server.
- External changing data without sending a snapshot of it along with the HTML.
- Invalid HTML tag nesting.

It can also happen if the client has a browser extension installed which messes with the HTML before React loaded.

%s%s https://react.dev/link/hydration-mismatch 

  ...
    <ErrorBoundary errorComponent={undefined} errorStyles={undefined} errorScripts={undefined}>
      <LoadingBoundary loading={null}>
        <HTTPAccessFallbackBoundary notFound={<SegmentViewNode>} forbidden={undefined} unauthorized={undefined}>
          <HTTPAccessFallbackErrorBoundary pathname="/" notFound={<SegmentViewNode>} forbidden={undefined} ...>
            <RedirectBoundary>
              <RedirectErrorBoundary router={{...}}>
                <InnerLayoutRouter url="/" tree={[...]} cacheNode={{lazyData:null, ...}} segmentPath={[...]}>
                  <SegmentViewNode type="page" pagePath="/user/app/...">
                    <SegmentTrieNode>
                    <HomePage>
                      <div data-orchids-id="src/app/pa..." data-orchids-name="div" className="min-h-screen">
                        <HeroSection data-orchids-id="src/app/pa..." data-orchids-name="HeroSection">
                          <section data-orchids-id="src/compon..." data-orchids-name="section" className="relative m...">
                            <div>
                            <div>
                            <div>
                            <ParticleField data-orchids-id="src/compon..." data-orchids-name="ParticleField">
                              <div data-orchids-id="src/compon..." data-orch...
2026-02-23T04:10:10.453Z [console][error] Failed to fetch RSC payload for https://3000-60a525d3-7fae-4341-b6e4-0b9cd6f10de9.orchids.cloud/industry. Falling back to browser navigation. {}
2026-02-23T04:10:18.199Z [console][error] A tree hydrated but some attributes of the server rendered HTML didn't match the client properties. This won't be patched up. This can happen if a SSR-ed Client Component used:

- A server/client branch `if (typeof window !== 'undefined')`.
- Variable input such as `Date.now()` or `Math.random()` which changes each time it's called.
- Date formatting in a user's locale which doesn't match the server.
- External changing data without sending a snapshot of it along with the HTML.
- Invalid HTML tag nesting.

It can also happen if the client has a browser extension installed which messes with the HTML before React loaded.

%s%s https://react.dev/link/hydration-mismatch 

  ...
    <ErrorBoundary errorComponent={undefined} errorStyles={undefined} errorScripts={undefined}>
      <LoadingBoundary loading={null}>
        <HTTPAccessFallbackBoundary notFound={<SegmentViewNode>} forbidden={undefined} unauthorized={undefined}>
          <HTTPAccessFallbackErrorBoundary pathname="/" notFound={<SegmentViewNode>} forbidden={undefined} ...>
            <RedirectBoundary>
              <RedirectErrorBoundary router={{...}}>
                <InnerLayoutRouter url="/" tree={[...]} cacheNode={{lazyData:null, ...}} segmentPath={[...]}>
                  <SegmentViewNode type="page" pagePath="/user/app/...">
                    <SegmentTrieNode>
                    <HomePage>
                      <div data-orchids-id="src/app/pa..." data-orchids-name="div" className="min-h-screen">
                        <HeroSection data-orchids-id="src/app/pa..." data-orchids-name="HeroSection">
                          <section data-orchids-id="src/compon..." data-orchids-name="section" className="relative m...">
                            <div>
                            <div>
                            <div>
                            <ParticleField data-orchids-id="src/compon..." data-orchids-name="ParticleField">
                              <div data-orchids-id="src/compon..." data-orch...
2026-02-23T04:12:34.972Z [console][error] A tree hydrated but some attributes of the server rendered HTML didn't match the client properties. This won't be patched up. This can happen if a SSR-ed Client Component used:

- A server/client branch `if (typeof window !== 'undefined')`.
- Variable input such as `Date.now()` or `Math.random()` which changes each time it's called.
- Date formatting in a user's locale which doesn't match the server.
- External changing data without sending a snapshot of it along with the HTML.
- Invalid HTML tag nesting.

It can also happen if the client has a browser extension installed which messes with the HTML before React loaded.

%s%s https://react.dev/link/hydration-mismatch 

  ...
    <ErrorBoundary errorComponent={undefined} errorStyles={undefined} errorScripts={undefined}>
      <LoadingBoundary loading={null}>
        <HTTPAccessFallbackBoundary notFound={<SegmentViewNode>} forbidden={undefined} unauthorized={undefined}>
          <HTTPAccessFallbackErrorBoundary pathname="/" notFound={<SegmentViewNode>} forbidden={undefined} ...>
            <RedirectBoundary>
              <RedirectErrorBoundary router={{...}}>
                <InnerLayoutRouter url="/" tree={[...]} cacheNode={{lazyData:null, ...}} segmentPath={[...]}>
                  <SegmentViewNode type="page" pagePath="/user/app/...">
                    <SegmentTrieNode>
                    <HomePage>
                      <div data-orchids-id="src/app/pa..." data-orchids-name="div" className="min-h-screen">
                        <HeroSection data-orchids-id="src/app/pa..." data-orchids-name="HeroSection">
                          <section data-orchids-id="src/compon..." data-orchids-name="section" className="relative m...">
                            <div>
                            <div>
                            <div>
                            <ParticleField data-orchids-id="src/compon..." data-orchids-name="ParticleField">
                              <div data-orchids-id="src/compon..." data-orch...
